mode: set
github.com/garfex/calculadora-filtros/internal/calculos/domain/entity/canalizacion.go:15.125,16.54 1 0
github.com/garfex/calculadora-filtros/internal/calculos/domain/entity/canalizacion.go:16.54,18.3 1 0
github.com/garfex/calculadora-filtros/internal/calculos/domain/entity/canalizacion.go:19.2,19.18 1 0
github.com/garfex/calculadora-filtros/internal/calculos/domain/entity/canalizacion.go:19.18,21.3 1 0
github.com/garfex/calculadora-filtros/internal/calculos/domain/entity/canalizacion.go:22.2,22.23 1 0
github.com/garfex/calculadora-filtros/internal/calculos/domain/entity/canalizacion.go:22.23,24.3 1 0
github.com/garfex/calculadora-filtros/internal/calculos/domain/entity/canalizacion.go:25.2,30.8 1 0
github.com/garfex/calculadora-filtros/internal/calculos/domain/entity/carga.go:24.94,25.13 1 1
github.com/garfex/calculadora-filtros/internal/calculos/domain/entity/carga.go:25.13,27.3 1 1
github.com/garfex/calculadora-filtros/internal/calculos/domain/entity/carga.go:28.2,28.23 1 1
github.com/garfex/calculadora-filtros/internal/calculos/domain/entity/carga.go:28.23,30.3 1 1
github.com/garfex/calculadora-filtros/internal/calculos/domain/entity/carga.go:31.2,31.28 1 1
github.com/garfex/calculadora-filtros/internal/calculos/domain/entity/carga.go:31.28,33.3 1 1
github.com/garfex/calculadora-filtros/internal/calculos/domain/entity/carga.go:34.2,34.18 1 1
github.com/garfex/calculadora-filtros/internal/calculos/domain/entity/carga.go:34.18,36.3 1 1
github.com/garfex/calculadora-filtros/internal/calculos/domain/entity/carga.go:37.2,47.8 1 1
github.com/garfex/calculadora-filtros/internal/calculos/domain/entity/carga.go:51.39,52.17 1 1
github.com/garfex/calculadora-filtros/internal/calculos/domain/entity/carga.go:53.9,54.11 1 1
github.com/garfex/calculadora-filtros/internal/calculos/domain/entity/carga.go:55.9,56.11 1 1
github.com/garfex/calculadora-filtros/internal/calculos/domain/entity/carga.go:57.10,58.22 1 1
github.com/garfex/calculadora-filtros/internal/calculos/domain/entity/carga.go:62.75,67.2 4 1
github.com/garfex/calculadora-filtros/internal/calculos/domain/entity/carga.go:70.38,72.2 1 1
github.com/garfex/calculadora-filtros/internal/calculos/domain/entity/carga.go:75.39,77.2 1 1
github.com/garfex/calculadora-filtros/internal/calculos/domain/entity/carga.go:80.40,84.2 3 1
github.com/garfex/calculadora-filtros/internal/calculos/domain/entity/filtro_activo.go:18.91,19.19 1 1
github.com/garfex/calculadora-filtros/internal/calculos/domain/entity/filtro_activo.go:19.19,21.3 1 1
github.com/garfex/calculadora-filtros/internal/calculos/domain/entity/filtro_activo.go:22.2,30.8 1 1
github.com/garfex/calculadora-filtros/internal/calculos/domain/entity/filtro_activo.go:33.83,35.2 1 1
github.com/garfex/calculadora-filtros/internal/calculos/domain/entity/filtro_activo.go:38.47,40.2 1 1
github.com/garfex/calculadora-filtros/internal/calculos/domain/entity/filtro_activo.go:43.46,45.2 1 1
github.com/garfex/calculadora-filtros/internal/calculos/domain/entity/filtro_activo.go:48.48,50.2 1 1
github.com/garfex/calculadora-filtros/internal/calculos/domain/entity/filtro_rechazo.go:18.89,19.15 1 1
github.com/garfex/calculadora-filtros/internal/calculos/domain/entity/filtro_rechazo.go:19.15,21.3 1 1
github.com/garfex/calculadora-filtros/internal/calculos/domain/entity/filtro_rechazo.go:22.2,22.18 1 1
github.com/garfex/calculadora-filtros/internal/calculos/domain/entity/filtro_rechazo.go:22.18,24.3 1 1
github.com/garfex/calculadora-filtros/internal/calculos/domain/entity/filtro_rechazo.go:25.2,33.8 1 1
github.com/garfex/calculadora-filtros/internal/calculos/domain/entity/filtro_rechazo.go:36.84,41.2 4 1
github.com/garfex/calculadora-filtros/internal/calculos/domain/entity/filtro_rechazo.go:44.49,46.2 1 1
github.com/garfex/calculadora-filtros/internal/calculos/domain/entity/filtro_rechazo.go:49.48,51.2 1 1
github.com/garfex/calculadora-filtros/internal/calculos/domain/entity/filtro_rechazo.go:54.47,56.2 1 1
github.com/garfex/calculadora-filtros/internal/calculos/domain/entity/itm.go:17.64,18.19 1 1
github.com/garfex/calculadora-filtros/internal/calculos/domain/entity/itm.go:18.19,20.3 1 1
github.com/garfex/calculadora-filtros/internal/calculos/domain/entity/itm.go:21.2,21.16 1 1
github.com/garfex/calculadora-filtros/internal/calculos/domain/entity/itm.go:21.16,23.3 1 1
github.com/garfex/calculadora-filtros/internal/calculos/domain/entity/itm.go:24.2,24.17 1 1
github.com/garfex/calculadora-filtros/internal/calculos/domain/entity/itm.go:24.17,26.3 1 1
github.com/garfex/calculadora-filtros/internal/calculos/domain/entity/itm.go:27.2,27.18 1 1
github.com/garfex/calculadora-filtros/internal/calculos/domain/entity/itm.go:27.18,29.3 1 1
github.com/garfex/calculadora-filtros/internal/calculos/domain/entity/itm.go:30.2,35.8 1 1
github.com/garfex/calculadora-filtros/internal/calculos/domain/entity/sistema_electrico.go:27.64,28.11 1 1
github.com/garfex/calculadora-filtros/internal/calculos/domain/entity/sistema_electrico.go:29.37,30.36 1 1
github.com/garfex/calculadora-filtros/internal/calculos/domain/entity/sistema_electrico.go:31.40,32.39 1 1
github.com/garfex/calculadora-filtros/internal/calculos/domain/entity/sistema_electrico.go:33.40,34.39 1 1
github.com/garfex/calculadora-filtros/internal/calculos/domain/entity/sistema_electrico.go:35.42,36.41 1 1
github.com/garfex/calculadora-filtros/internal/calculos/domain/entity/sistema_electrico.go:37.10,38.66 1 1
github.com/garfex/calculadora-filtros/internal/calculos/domain/entity/sistema_electrico.go:43.57,44.12 1 0
github.com/garfex/calculadora-filtros/internal/calculos/domain/entity/sistema_electrico.go:48.30,49.13 1 0
github.com/garfex/calculadora-filtros/internal/calculos/domain/entity/sistema_electrico.go:50.10,51.37 1 0
github.com/garfex/calculadora-filtros/internal/calculos/domain/entity/sistema_electrico.go:56.53,57.11 1 1
github.com/garfex/calculadora-filtros/internal/calculos/domain/entity/sistema_electrico.go:58.29,59.11 1 1
github.com/garfex/calculadora-filtros/internal/calculos/domain/entity/sistema_electrico.go:60.32,61.11 1 1
github.com/garfex/calculadora-filtros/internal/calculos/domain/entity/sistema_electrico.go:62.32,63.11 1 1
github.com/garfex/calculadora-filtros/internal/calculos/domain/entity/sistema_electrico.go:64.34,65.11 1 1
github.com/garfex/calculadora-filtros/internal/calculos/domain/entity/sistema_electrico.go:66.10,67.11 1 0
github.com/garfex/calculadora-filtros/internal/calculos/domain/entity/tipo_canalizacion.go:62.57,63.12 1 1
github.com/garfex/calculadora-filtros/internal/calculos/domain/entity/tipo_canalizacion.go:69.42,70.13 1 1
github.com/garfex/calculadora-filtros/internal/calculos/domain/entity/tipo_canalizacion.go:71.10,72.63 1 1
github.com/garfex/calculadora-filtros/internal/calculos/domain/entity/tipo_canalizacion.go:77.64,78.11 1 0
github.com/garfex/calculadora-filtros/internal/calculos/domain/entity/tipo_canalizacion.go:79.42,80.41 1 0
github.com/garfex/calculadora-filtros/internal/calculos/domain/entity/tipo_canalizacion.go:81.47,82.46 1 0
github.com/garfex/calculadora-filtros/internal/calculos/domain/entity/tipo_canalizacion.go:83.46,84.45 1 0
github.com/garfex/calculadora-filtros/internal/calculos/domain/entity/tipo_canalizacion.go:85.46,86.45 1 0
github.com/garfex/calculadora-filtros/internal/calculos/domain/entity/tipo_canalizacion.go:87.53,88.52 1 0
github.com/garfex/calculadora-filtros/internal/calculos/domain/entity/tipo_canalizacion.go:89.54,90.53 1 0
github.com/garfex/calculadora-filtros/internal/calculos/domain/entity/tipo_canalizacion.go:91.10,92.66 1 0
github.com/garfex/calculadora-filtros/internal/calculos/domain/entity/tipo_canalizacion.go:98.45,99.12 1 0
github.com/garfex/calculadora-filtros/internal/calculos/domain/entity/tipo_canalizacion.go:101.42,102.14 1 0
github.com/garfex/calculadora-filtros/internal/calculos/domain/entity/tipo_canalizacion.go:103.10,104.15 1 0
github.com/garfex/calculadora-filtros/internal/calculos/domain/entity/tipo_equipo.go:19.52,20.11 1 1
github.com/garfex/calculadora-filtros/internal/calculos/domain/entity/tipo_equipo.go:21.38,22.37 1 1
github.com/garfex/calculadora-filtros/internal/calculos/domain/entity/tipo_equipo.go:23.39,24.38 1 1
github.com/garfex/calculadora-filtros/internal/calculos/domain/entity/tipo_equipo.go:25.39,26.38 1 1
github.com/garfex/calculadora-filtros/internal/calculos/domain/entity/tipo_equipo.go:27.31,28.30 1 1
github.com/garfex/calculadora-filtros/internal/calculos/domain/entity/tipo_equipo.go:29.10,30.62 1 1
github.com/garfex/calculadora-filtros/internal/calculos/domain/entity/tipo_equipo.go:34.37,36.2 1 1
github.com/garfex/calculadora-filtros/internal/calculos/domain/entity/transformador.go:18.88,19.14 1 1
github.com/garfex/calculadora-filtros/internal/calculos/domain/entity/transformador.go:19.14,21.3 1 1
github.com/garfex/calculadora-filtros/internal/calculos/domain/entity/transformador.go:22.2,22.18 1 1
github.com/garfex/calculadora-filtros/internal/calculos/domain/entity/transformador.go:22.18,24.3 1 1
github.com/garfex/calculadora-filtros/internal/calculos/domain/entity/transformador.go:25.2,33.8 1 1
github.com/garfex/calculadora-filtros/internal/calculos/domain/entity/transformador.go:36.84,41.2 4 1
github.com/garfex/calculadora-filtros/internal/calculos/domain/entity/transformador.go:44.48,46.2 1 1
github.com/garfex/calculadora-filtros/internal/calculos/domain/entity/transformador.go:49.47,51.2 1 1
github.com/garfex/calculadora-filtros/internal/calculos/domain/entity/transformador.go:54.49,56.2 1 1
github.com/garfex/calculadora-filtros/internal/calculos/domain/service/ajuste_corriente.go:18.112,19.24 1 1
github.com/garfex/calculadora-filtros/internal/calculos/domain/service/ajuste_corriente.go:19.24,24.3 1 1
github.com/garfex/calculadora-filtros/internal/calculos/domain/service/ajuste_corriente.go:26.2,29.39 3 1
github.com/garfex/calculadora-filtros/internal/calculos/domain/service/ajuste_corriente.go:29.39,30.18 1 1
github.com/garfex/calculadora-filtros/internal/calculos/domain/service/ajuste_corriente.go:30.18,32.4 1 1
github.com/garfex/calculadora-filtros/internal/calculos/domain/service/ajuste_corriente.go:33.3,34.24 2 1
github.com/garfex/calculadora-filtros/internal/calculos/domain/service/ajuste_corriente.go:37.2,38.16 2 1
github.com/garfex/calculadora-filtros/internal/calculos/domain/service/ajuste_corriente.go:38.16,40.3 1 0
github.com/garfex/calculadora-filtros/internal/calculos/domain/service/ajuste_corriente.go:42.2,45.8 1 1
github.com/garfex/calculadora-filtros/internal/calculos/domain/service/calcular_charola_espaciado.go:24.32,25.22 1 1
github.com/garfex/calculadora-filtros/internal/calculos/domain/service/calcular_charola_espaciado.go:25.22,27.3 1 1
github.com/garfex/calculadora-filtros/internal/calculos/domain/service/calcular_charola_espaciado.go:30.2,32.17 3 1
github.com/garfex/calculadora-filtros/internal/calculos/domain/service/calcular_charola_espaciado.go:33.41,35.21 2 1
github.com/garfex/calculadora-filtros/internal/calculos/domain/service/calcular_charola_espaciado.go:36.39,38.21 2 1
github.com/garfex/calculadora-filtros/internal/calculos/domain/service/calcular_charola_espaciado.go:39.36,41.22 2 1
github.com/garfex/calculadora-filtros/internal/calculos/domain/service/calcular_charola_espaciado.go:42.39,44.21 2 1
github.com/garfex/calculadora-filtros/internal/calculos/domain/service/calcular_charola_espaciado.go:45.10,46.133 1 0
github.com/garfex/calculadora-filtros/internal/calculos/domain/service/calcular_charola_espaciado.go:50.2,53.17 3 1
github.com/garfex/calculadora-filtros/internal/calculos/domain/service/calcular_charola_espaciado.go:53.17,55.3 1 1
github.com/garfex/calculadora-filtros/internal/calculos/domain/service/calcular_charola_espaciado.go:57.2,72.38 5 1
github.com/garfex/calculadora-filtros/internal/calculos/domain/service/calcular_charola_espaciado.go:72.38,73.53 1 1
github.com/garfex/calculadora-filtros/internal/calculos/domain/service/calcular_charola_espaciado.go:73.53,76.4 2 1
github.com/garfex/calculadora-filtros/internal/calculos/domain/service/calcular_charola_espaciado.go:80.2,87.39 4 1
github.com/garfex/calculadora-filtros/internal/calculos/domain/service/calcular_charola_espaciado.go:87.39,89.39 2 1
github.com/garfex/calculadora-filtros/internal/calculos/domain/service/calcular_charola_espaciado.go:89.39,95.4 1 1
github.com/garfex/calculadora-filtros/internal/calculos/domain/service/calcular_charola_espaciado.go:98.2,98.98 1 0
github.com/garfex/calculadora-filtros/internal/calculos/domain/service/calcular_charola_triangular.go:20.32,21.22 1 1
github.com/garfex/calculadora-filtros/internal/calculos/domain/service/calcular_charola_triangular.go:21.22,23.3 1 1
github.com/garfex/calculadora-filtros/internal/calculos/domain/service/calcular_charola_triangular.go:24.2,24.28 1 1
github.com/garfex/calculadora-filtros/internal/calculos/domain/service/calcular_charola_triangular.go:24.28,26.3 1 1
github.com/garfex/calculadora-filtros/internal/calculos/domain/service/calcular_charola_triangular.go:29.2,37.38 6 1
github.com/garfex/calculadora-filtros/internal/calculos/domain/service/calcular_charola_triangular.go:37.38,38.53 1 1
github.com/garfex/calculadora-filtros/internal/calculos/domain/service/calcular_charola_triangular.go:38.53,41.4 2 1
github.com/garfex/calculadora-filtros/internal/calculos/domain/service/calcular_charola_triangular.go:45.2,47.39 2 1
github.com/garfex/calculadora-filtros/internal/calculos/domain/service/calcular_charola_triangular.go:47.39,48.48 1 1
github.com/garfex/calculadora-filtros/internal/calculos/domain/service/calcular_charola_triangular.go:48.48,54.4 1 1
github.com/garfex/calculadora-filtros/internal/calculos/domain/service/calcular_charola_triangular.go:57.2,57.109 1 1
github.com/garfex/calculadora-filtros/internal/calculos/domain/service/calcular_factor_agrupamiento.go:20.20,21.19 1 1
github.com/garfex/calculadora-filtros/internal/calculos/domain/service/calcular_factor_agrupamiento.go:21.19,23.3 1 1
github.com/garfex/calculadora-filtros/internal/calculos/domain/service/calcular_factor_agrupamiento.go:25.2,25.32 1 1
github.com/garfex/calculadora-filtros/internal/calculos/domain/service/calcular_factor_agrupamiento.go:25.32,26.32 1 1
github.com/garfex/calculadora-filtros/internal/calculos/domain/service/calcular_factor_agrupamiento.go:26.32,27.39 1 1
github.com/garfex/calculadora-filtros/internal/calculos/domain/service/calcular_factor_agrupamiento.go:27.39,29.5 1 1
github.com/garfex/calculadora-filtros/internal/calculos/domain/service/calcular_factor_agrupamiento.go:30.9,31.74 1 1
github.com/garfex/calculadora-filtros/internal/calculos/domain/service/calcular_factor_agrupamiento.go:31.74,33.5 1 1
github.com/garfex/calculadora-filtros/internal/calculos/domain/service/calcular_factor_agrupamiento.go:37.2,37.18 1 0
github.com/garfex/calculadora-filtros/internal/calculos/domain/service/calcular_factor_temperatura.go:23.20,24.21 1 1
github.com/garfex/calculadora-filtros/internal/calculos/domain/service/calcular_factor_temperatura.go:24.21,26.3 1 0
github.com/garfex/calculadora-filtros/internal/calculos/domain/service/calcular_factor_temperatura.go:28.2,28.24 1 1
github.com/garfex/calculadora-filtros/internal/calculos/domain/service/calcular_factor_temperatura.go:28.24,30.3 1 0
github.com/garfex/calculadora-filtros/internal/calculos/domain/service/calcular_factor_temperatura.go:32.2,32.32 1 1
github.com/garfex/calculadora-filtros/internal/calculos/domain/service/calcular_factor_temperatura.go:32.32,33.54 1 1
github.com/garfex/calculadora-filtros/internal/calculos/domain/service/calcular_factor_temperatura.go:33.54,34.25 1 1
github.com/garfex/calculadora-filtros/internal/calculos/domain/service/calcular_factor_temperatura.go:35.28,36.34 1 1
github.com/garfex/calculadora-filtros/internal/calculos/domain/service/calcular_factor_temperatura.go:37.28,38.34 1 1
github.com/garfex/calculadora-filtros/internal/calculos/domain/service/calcular_factor_temperatura.go:39.28,40.34 1 1
github.com/garfex/calculadora-filtros/internal/calculos/domain/service/calcular_factor_temperatura.go:41.12,42.112 1 0
github.com/garfex/calculadora-filtros/internal/calculos/domain/service/calcular_factor_temperatura.go:47.2,47.121 1 1
github.com/garfex/calculadora-filtros/internal/calculos/domain/service/calcular_factor_temperatura.go:50.49,52.66 2 1
github.com/garfex/calculadora-filtros/internal/calculos/domain/service/calcular_factor_temperatura.go:52.66,54.3 1 1
github.com/garfex/calculadora-filtros/internal/calculos/domain/service/calcular_factor_temperatura.go:55.2,55.58 1 0
github.com/garfex/calculadora-filtros/internal/calculos/domain/service/calcular_factor_temperatura.go:55.58,57.3 1 0
github.com/garfex/calculadora-filtros/internal/calculos/domain/service/calcular_factor_temperatura.go:58.2,58.14 1 0
github.com/garfex/calculadora-filtros/internal/calculos/domain/service/calcular_factor_uso.go:17.71,18.20 1 1
github.com/garfex/calculadora-filtros/internal/calculos/domain/service/calcular_factor_uso.go:19.69,20.19 1 1
github.com/garfex/calculadora-filtros/internal/calculos/domain/service/calcular_factor_uso.go:21.62,22.19 1 1
github.com/garfex/calculadora-filtros/internal/calculos/domain/service/calcular_factor_uso.go:23.10,24.96 1 1
github.com/garfex/calculadora-filtros/internal/calculos/domain/service/calculo_amperaje_nominal.go:37.34,38.24 1 1
github.com/garfex/calculadora-filtros/internal/calculos/domain/service/calculo_amperaje_nominal.go:38.24,40.3 1 1
github.com/garfex/calculadora-filtros/internal/calculos/domain/service/calculo_amperaje_nominal.go:41.2,41.47 1 1
github.com/garfex/calculadora-filtros/internal/calculos/domain/service/calculo_amperaje_nominal.go:41.47,43.3 1 1
github.com/garfex/calculadora-filtros/internal/calculos/domain/service/calculo_amperaje_nominal.go:45.2,46.19 2 1
github.com/garfex/calculadora-filtros/internal/calculos/domain/service/calculo_amperaje_nominal.go:46.19,48.3 1 0
github.com/garfex/calculadora-filtros/internal/calculos/domain/service/calculo_amperaje_nominal.go:50.2,51.17 2 1
github.com/garfex/calculadora-filtros/internal/calculos/domain/service/calculo_amperaje_nominal.go:52.74,54.57 1 1
github.com/garfex/calculadora-filtros/internal/calculos/domain/service/calculo_amperaje_nominal.go:55.10,57.72 1 1
github.com/garfex/calculadora-filtros/internal/calculos/domain/service/calculo_amperaje_nominal.go:60.2,60.43 1 1
github.com/garfex/calculadora-filtros/internal/calculos/domain/service/calculo_caida_tension.go:50.41,51.20 1 1
github.com/garfex/calculadora-filtros/internal/calculos/domain/service/calculo_caida_tension.go:51.20,53.3 1 1
github.com/garfex/calculadora-filtros/internal/calculos/domain/service/calculo_caida_tension.go:54.2,54.31 1 1
github.com/garfex/calculadora-filtros/internal/calculos/domain/service/calculo_caida_tension.go:54.31,56.3 1 1
github.com/garfex/calculadora-filtros/internal/calculos/domain/service/calculo_caida_tension.go:57.2,57.63 1 1
github.com/garfex/calculadora-filtros/internal/calculos/domain/service/calculo_caida_tension.go:57.63,59.3 1 1
github.com/garfex/calculadora-filtros/internal/calculos/domain/service/calculo_caida_tension.go:61.2,89.8 10 1
github.com/garfex/calculadora-filtros/internal/calculos/domain/service/calculo_canalizacion.go:15.49,16.18 1 1
github.com/garfex/calculadora-filtros/internal/calculos/domain/service/calculo_canalizacion.go:17.9,18.14 1 1
github.com/garfex/calculadora-filtros/internal/calculos/domain/service/calculo_canalizacion.go:19.9,20.14 1 1
github.com/garfex/calculadora-filtros/internal/calculos/domain/service/calculo_canalizacion.go:21.10,22.14 1 1
github.com/garfex/calculadora-filtros/internal/calculos/domain/service/calculo_canalizacion.go:43.32,44.23 1 1
github.com/garfex/calculadora-filtros/internal/calculos/domain/service/calculo_canalizacion.go:44.23,46.3 1 1
github.com/garfex/calculadora-filtros/internal/calculos/domain/service/calculo_canalizacion.go:47.2,47.27 1 1
github.com/garfex/calculadora-filtros/internal/calculos/domain/service/calculo_canalizacion.go:47.27,49.3 1 1
github.com/garfex/calculadora-filtros/internal/calculos/domain/service/calculo_canalizacion.go:50.2,50.21 1 1
github.com/garfex/calculadora-filtros/internal/calculos/domain/service/calculo_canalizacion.go:50.21,52.3 1 0
github.com/garfex/calculadora-filtros/internal/calculos/domain/service/calculo_canalizacion.go:54.2,56.32 3 1
github.com/garfex/calculadora-filtros/internal/calculos/domain/service/calculo_canalizacion.go:56.32,59.3 2 1
github.com/garfex/calculadora-filtros/internal/calculos/domain/service/calculo_canalizacion.go:61.2,66.32 5 1
github.com/garfex/calculadora-filtros/internal/calculos/domain/service/calculo_canalizacion.go:66.32,67.47 1 1
github.com/garfex/calculadora-filtros/internal/calculos/domain/service/calculo_canalizacion.go:67.47,74.4 1 1
github.com/garfex/calculadora-filtros/internal/calculos/domain/service/calculo_canalizacion.go:77.2,80.3 1 1
github.com/garfex/calculadora-filtros/internal/calculos/domain/service/calculo_conductor.go:19.34,20.21 1 1
github.com/garfex/calculadora-filtros/internal/calculos/domain/service/calculo_conductor.go:20.21,22.3 1 1
github.com/garfex/calculadora-filtros/internal/calculos/domain/service/calculo_conductor.go:24.2,24.22 1 1
github.com/garfex/calculadora-filtros/internal/calculos/domain/service/calculo_conductor.go:24.22,26.3 1 0
github.com/garfex/calculadora-filtros/internal/calculos/domain/service/calculo_conductor.go:28.2,30.32 2 1
github.com/garfex/calculadora-filtros/internal/calculos/domain/service/calculo_conductor.go:30.32,31.44 1 1
github.com/garfex/calculadora-filtros/internal/calculos/domain/service/calculo_conductor.go:31.44,33.4 1 1
github.com/garfex/calculadora-filtros/internal/calculos/domain/service/calculo_conductor.go:36.2,39.3 1 1
github.com/garfex/calculadora-filtros/internal/calculos/domain/service/calculo_corriente_nominal.go:15.97,17.2 1 1
github.com/garfex/calculadora-filtros/internal/calculos/domain/service/calculo_tierra.go:18.34,19.14 1 1
github.com/garfex/calculadora-filtros/internal/calculos/domain/service/calculo_tierra.go:19.14,21.3 1 1
github.com/garfex/calculadora-filtros/internal/calculos/domain/service/calculo_tierra.go:22.2,22.21 1 1
github.com/garfex/calculadora-filtros/internal/calculos/domain/service/calculo_tierra.go:22.21,24.3 1 1
github.com/garfex/calculadora-filtros/internal/calculos/domain/service/calculo_tierra.go:26.2,26.32 1 1
github.com/garfex/calculadora-filtros/internal/calculos/domain/service/calculo_tierra.go:26.32,27.30 1 1
github.com/garfex/calculadora-filtros/internal/calculos/domain/service/calculo_tierra.go:27.30,28.78 1 1
github.com/garfex/calculadora-filtros/internal/calculos/domain/service/calculo_tierra.go:28.78,30.5 1 1
github.com/garfex/calculadora-filtros/internal/calculos/domain/service/calculo_tierra.go:31.4,31.56 1 1
github.com/garfex/calculadora-filtros/internal/calculos/domain/service/calculo_tierra.go:35.2,38.3 1 1
github.com/garfex/calculadora-filtros/internal/calculos/domain/service/seleccionar_temperatura.go:19.27,21.21 1 0
github.com/garfex/calculadora-filtros/internal/calculos/domain/service/seleccionar_temperatura.go:21.21,23.3 1 0
github.com/garfex/calculadora-filtros/internal/calculos/domain/service/seleccionar_temperatura.go:26.2,26.30 1 0
github.com/garfex/calculadora-filtros/internal/calculos/domain/service/seleccionar_temperatura.go:26.30,28.72 1 0
github.com/garfex/calculadora-filtros/internal/calculos/domain/service/seleccionar_temperatura.go:28.72,30.4 1 0
github.com/garfex/calculadora-filtros/internal/calculos/domain/service/seleccionar_temperatura.go:31.3,31.28 1 0
github.com/garfex/calculadora-filtros/internal/calculos/domain/service/seleccionar_temperatura.go:35.2,35.27 1 0
