mode: set
github.com/garfex/calculadora-filtros/internal/shared/kernel/valueobject/charola.go:25.66,26.20 1 1
github.com/garfex/calculadora-filtros/internal/shared/kernel/valueobject/charola.go:26.20,28.3 1 1
github.com/garfex/calculadora-filtros/internal/shared/kernel/valueobject/charola.go:29.2,29.23 1 1
github.com/garfex/calculadora-filtros/internal/shared/kernel/valueobject/charola.go:29.23,31.3 1 1
github.com/garfex/calculadora-filtros/internal/shared/kernel/valueobject/charola.go:32.2,35.8 1 1
github.com/garfex/calculadora-filtros/internal/shared/kernel/valueobject/charola.go:38.44,38.65 1 1
github.com/garfex/calculadora-filtros/internal/shared/kernel/valueobject/charola.go:39.44,39.67 1 1
github.com/garfex/calculadora-filtros/internal/shared/kernel/valueobject/charola.go:54.78,55.23 1 1
github.com/garfex/calculadora-filtros/internal/shared/kernel/valueobject/charola.go:55.23,57.3 1 1
github.com/garfex/calculadora-filtros/internal/shared/kernel/valueobject/charola.go:58.2,58.56 1 1
github.com/garfex/calculadora-filtros/internal/shared/kernel/valueobject/charola.go:61.48,61.71 1 1
github.com/garfex/calculadora-filtros/internal/shared/kernel/valueobject/conductor.go:67.47,68.12 1 1
github.com/garfex/calculadora-filtros/internal/shared/kernel/valueobject/conductor.go:68.12,70.3 1 1
github.com/garfex/calculadora-filtros/internal/shared/kernel/valueobject/conductor.go:71.2,71.12 1 1
github.com/garfex/calculadora-filtros/internal/shared/kernel/valueobject/conductor.go:77.57,78.33 1 1
github.com/garfex/calculadora-filtros/internal/shared/kernel/valueobject/conductor.go:78.33,80.3 1 1
github.com/garfex/calculadora-filtros/internal/shared/kernel/valueobject/conductor.go:81.2,81.36 1 1
github.com/garfex/calculadora-filtros/internal/shared/kernel/valueobject/conductor.go:81.36,83.3 1 1
github.com/garfex/calculadora-filtros/internal/shared/kernel/valueobject/conductor.go:84.2,84.60 1 1
github.com/garfex/calculadora-filtros/internal/shared/kernel/valueobject/conductor.go:84.60,86.3 1 1
github.com/garfex/calculadora-filtros/internal/shared/kernel/valueobject/conductor.go:87.2,99.8 1 1
github.com/garfex/calculadora-filtros/internal/shared/kernel/valueobject/conductor.go:102.52,102.72 1 1
github.com/garfex/calculadora-filtros/internal/shared/kernel/valueobject/conductor.go:103.52,103.73 1 1
github.com/garfex/calculadora-filtros/internal/shared/kernel/valueobject/conductor.go:104.52,104.80 1 1
github.com/garfex/calculadora-filtros/internal/shared/kernel/valueobject/conductor.go:105.52,105.75 1 1
github.com/garfex/calculadora-filtros/internal/shared/kernel/valueobject/conductor.go:106.52,106.86 1 1
github.com/garfex/calculadora-filtros/internal/shared/kernel/valueobject/conductor.go:107.52,107.75 1 1
github.com/garfex/calculadora-filtros/internal/shared/kernel/valueobject/conductor.go:108.52,108.76 1 1
github.com/garfex/calculadora-filtros/internal/shared/kernel/valueobject/conductor.go:109.52,109.84 1 1
github.com/garfex/calculadora-filtros/internal/shared/kernel/valueobject/conductor.go:110.52,110.83 1 1
github.com/garfex/calculadora-filtros/internal/shared/kernel/valueobject/conductor.go:111.52,111.86 1 1
github.com/garfex/calculadora-filtros/internal/shared/kernel/valueobject/conductor.go:112.52,112.80 1 1
github.com/garfex/calculadora-filtros/internal/shared/kernel/valueobject/conductor.go:115.50,141.2 1 0
github.com/garfex/calculadora-filtros/internal/shared/kernel/valueobject/corriente.go:20.53,21.16 1 1
github.com/garfex/calculadora-filtros/internal/shared/kernel/valueobject/corriente.go:21.16,23.3 1 1
github.com/garfex/calculadora-filtros/internal/shared/kernel/valueobject/corriente.go:24.2,24.50 1 1
github.com/garfex/calculadora-filtros/internal/shared/kernel/valueobject/corriente.go:27.36,27.54 1 1
github.com/garfex/calculadora-filtros/internal/shared/kernel/valueobject/corriente.go:28.36,28.55 1 1
github.com/garfex/calculadora-filtros/internal/shared/kernel/valueobject/corriente.go:31.50,40.2 2 0
github.com/garfex/calculadora-filtros/internal/shared/kernel/valueobject/corriente.go:42.67,44.2 1 1
github.com/garfex/calculadora-filtros/internal/shared/kernel/valueobject/corriente.go:46.60,47.18 1 1
github.com/garfex/calculadora-filtros/internal/shared/kernel/valueobject/corriente.go:47.18,49.3 1 1
github.com/garfex/calculadora-filtros/internal/shared/kernel/valueobject/corriente.go:50.2,50.49 1 1
github.com/garfex/calculadora-filtros/internal/shared/kernel/valueobject/material_conductor.go:18.44,19.11 1 1
github.com/garfex/calculadora-filtros/internal/shared/kernel/valueobject/material_conductor.go:20.21,21.14 1 1
github.com/garfex/calculadora-filtros/internal/shared/kernel/valueobject/material_conductor.go:22.24,23.14 1 1
github.com/garfex/calculadora-filtros/internal/shared/kernel/valueobject/material_conductor.go:24.10,25.19 1 1
github.com/garfex/calculadora-filtros/internal/shared/kernel/valueobject/material_conductor.go:30.58,32.2 1 0
github.com/garfex/calculadora-filtros/internal/shared/kernel/valueobject/material_conductor.go:36.62,39.54 2 1
github.com/garfex/calculadora-filtros/internal/shared/kernel/valueobject/material_conductor.go:39.54,41.3 1 1
github.com/garfex/calculadora-filtros/internal/shared/kernel/valueobject/material_conductor.go:44.2,46.11 2 1
github.com/garfex/calculadora-filtros/internal/shared/kernel/valueobject/material_conductor.go:47.26,48.21 1 1
github.com/garfex/calculadora-filtros/internal/shared/kernel/valueobject/material_conductor.go:49.29,50.24 1 1
github.com/garfex/calculadora-filtros/internal/shared/kernel/valueobject/material_conductor.go:51.10,52.67 1 0
github.com/garfex/calculadora-filtros/internal/shared/kernel/valueobject/material_conductor.go:54.2,54.12 1 1
github.com/garfex/calculadora-filtros/internal/shared/kernel/valueobject/resistencia_reactancia.go:25.76,26.11 1 1
github.com/garfex/calculadora-filtros/internal/shared/kernel/valueobject/resistencia_reactancia.go:26.11,28.3 1 1
github.com/garfex/calculadora-filtros/internal/shared/kernel/valueobject/resistencia_reactancia.go:29.2,29.11 1 1
github.com/garfex/calculadora-filtros/internal/shared/kernel/valueobject/resistencia_reactancia.go:29.11,31.3 1 1
github.com/garfex/calculadora-filtros/internal/shared/kernel/valueobject/resistencia_reactancia.go:32.2,32.47 1 1
github.com/garfex/calculadora-filtros/internal/shared/kernel/valueobject/temperatura.go:25.46,26.11 1 1
github.com/garfex/calculadora-filtros/internal/shared/kernel/valueobject/temperatura.go:27.30,28.13 1 1
github.com/garfex/calculadora-filtros/internal/shared/kernel/valueobject/temperatura.go:29.10,30.66 1 1
github.com/garfex/calculadora-filtros/internal/shared/kernel/valueobject/temperatura.go:35.34,37.2 1 1
github.com/garfex/calculadora-filtros/internal/shared/kernel/valueobject/tension.go:31.45,32.29 1 1
github.com/garfex/calculadora-filtros/internal/shared/kernel/valueobject/tension.go:32.29,34.3 1 1
github.com/garfex/calculadora-filtros/internal/shared/kernel/valueobject/tension.go:35.2,35.48 1 1
github.com/garfex/calculadora-filtros/internal/shared/kernel/valueobject/tension.go:38.34,38.52 1 1
github.com/garfex/calculadora-filtros/internal/shared/kernel/valueobject/tension.go:39.34,39.53 1 1
github.com/garfex/calculadora-filtros/internal/shared/kernel/valueobject/tension.go:42.48,51.2 2 0
github.com/garfex/calculadora-filtros/internal/shared/kernel/valueobject/tension.go:53.42,55.2 1 1
